This is XeTeX, Version 3.141592653-2.6-0.999993 (TeX Live 2022/dev/Debian) (preloaded format=xelatex 2023.7.14)  7 AUG 2023 14:57
entering extended mode
 restricted \write18 enabled.
 file:line:error style messages enabled.
 %&-line parsing enabled.
**/media/shima/78F218F6F218B9F8/Private/image_captioning/paper_text/image_captioning_main.tex
(/media/shima/78F218F6F218B9F8/Private/image_captioning/paper_text/image_captioning_main.tex
LaTeX2e <2021-11-15> patch level 1
L3 programming layer <2022-01-21> (./llncs.cls
Document Class: llncs 2022/09/05 v2.22 
 LaTeX document class for Lecture Notes in Computer Science
(/usr/share/texlive/texmf-dist/tex/latex/base/article.cls
Document Class: article 2021/10/04 v1.4n Standard LaTeX document class
(/usr/share/texlive/texmf-dist/tex/latex/base/size10.clo
File: size10.clo 2021/10/04 v1.4n Standard LaTeX file (size option)
)
\c@part=\count181
\c@section=\count182
\c@subsection=\count183
\c@subsubsection=\count184
\c@paragraph=\count185
\c@subparagraph=\count186
\c@figure=\count187
\c@table=\count188
\abovecaptionskip=\skip47
\belowcaptionskip=\skip48
\bibindent=\dimen138
) (/usr/share/texlive/texmf-dist/tex/latex/tools/multicol.sty
Package: multicol 2021/10/28 v1.9b multicolumn formatting (FMi)
\c@tracingmulticols=\count189
\mult@box=\box50
\multicol@leftmargin=\dimen139
\c@unbalance=\count190
\c@collectmore=\count191
\doublecol@number=\count192
\multicoltolerance=\count193
\multicolpretolerance=\count194
\full@width=\dimen140
\page@free=\dimen141
\premulticols=\dimen142
\postmulticols=\dimen143
\multicolsep=\skip49
\multicolbaselineskip=\skip50
\partial@page=\box51
\last@line=\box52
\maxbalancingoverflow=\dimen144
\mult@rightbox=\box53
\mult@grightbox=\box54
\mult@firstbox=\box55
\mult@gfirstbox=\box56
\@tempa=\box57
\@tempa=\box58
\@tempa=\box59
\@tempa=\box60
\@tempa=\box61
\@tempa=\box62
\@tempa=\box63
\@tempa=\box64
\@tempa=\box65
\@tempa=\box66
\@tempa=\box67
\@tempa=\box68
\@tempa=\box69
\@tempa=\box70
\@tempa=\box71
\@tempa=\box72
\@tempa=\box73
\@tempa=\box74
\@tempa=\box75
\@tempa=\box76
\@tempa=\box77
\@tempa=\box78
\@tempa=\box79
\@tempa=\box80
\@tempa=\box81
\@tempa=\box82
\@tempa=\box83
\@tempa=\box84
\@tempa=\box85
\@tempa=\box86
\@tempa=\box87
\@tempa=\box88
\@tempa=\box89
\@tempa=\box90
\@tempa=\box91
\@tempa=\box92
\c@minrows=\count195
\c@columnbadness=\count196
\c@finalcolumnbadness=\count197
\last@try=\dimen145
\multicolovershoot=\dimen146
\multicolundershoot=\dimen147
\mult@nat@firstbox=\box93
\colbreak@box=\box94
\mc@col@check@num=\count198
) (/usr/share/texlive/texmf-dist/tex/latex/oberdiek/aliascnt.sty
Package: aliascnt 2018/09/07 v1.5 Alias counters (HO)
)
\c@chapter=\count199
LaTeX Font Info:    Redeclaring math symbol \Gamma on input line 362.
LaTeX Font Info:    Redeclaring math symbol \Delta on input line 363.
LaTeX Font Info:    Redeclaring math symbol \Theta on input line 364.
LaTeX Font Info:    Redeclaring math symbol \Lambda on input line 365.
LaTeX Font Info:    Redeclaring math symbol \Xi on input line 366.
LaTeX Font Info:    Redeclaring math symbol \Pi on input line 367.
LaTeX Font Info:    Redeclaring math symbol \Sigma on input line 368.
LaTeX Font Info:    Redeclaring math symbol \Upsilon on input line 369.
LaTeX Font Info:    Redeclaring math symbol \Phi on input line 370.
LaTeX Font Info:    Redeclaring math symbol \Psi on input line 371.
LaTeX Font Info:    Redeclaring math symbol \Omega on input line 372.
LaTeX Info: Redefining \vec on input line 377.
\tocchpnum=\dimen148
\tocsecnum=\dimen149
\tocsectotal=\dimen150
\tocsubsecnum=\dimen151
\tocsubsectotal=\dimen152
\tocsubsubsecnum=\dimen153
\tocsubsubsectotal=\dimen154
\tocparanum=\dimen155
\tocparatotal=\dimen156
\tocsubparanum=\dimen157
\@tempcntc=\count266
\fnindent=\dimen158
\c@@inst=\count267
\c@@auth=\count268
\c@auco=\count269
\instindent=\dimen159
\authrun=\box95
\authorrunning=\toks16
\tocauthor=\toks17
\titrun=\box96
\titlerunning=\toks18
\toctitle=\toks19
\c@theorem=\count270
\c@case=\count271
\c@conjecture=\count272
\c@corollary=\count273
\c@definition=\count274
\c@example=\count275
\c@exercise=\count276
\c@lemma=\count277
\c@note=\count278
\c@problem=\count279
\c@property=\count280
\c@proposition=\count281
\c@question=\count282
\c@solution=\count283
\c@remark=\count284
\headlineindent=\dimen160
) (/usr/share/texlive/texmf-dist/tex/latex/base/fontenc.sty
Package: fontenc 2021/04/29 v2.0v Standard LaTeX package
LaTeX Font Info:    Trying to load font information for T1+lmr on input line 112.
 (/usr/share/texmf/tex/latex/lm/t1lmr.fd
File: t1lmr.fd 2009/10/30 v1.6 Font defs for Latin Modern
)) (/usr/share/texlive/texmf-dist/tex/latex/graphics/graphicx.sty
Package: graphicx 2021/09/16 v1.2d Enhanced LaTeX Graphics (DPC,SPQR)
 (/usr/share/texlive/texmf-dist/tex/latex/graphics/keyval.sty
Package: keyval 2014/10/28 v1.15 key=value parser (DPC)
\KV@toks@=\toks20
) (/usr/share/texlive/texmf-dist/tex/latex/graphics/graphics.sty
Package: graphics 2021/03/04 v1.4d Standard LaTeX Graphics (DPC,SPQR)
 (/usr/share/texlive/texmf-dist/tex/latex/graphics/trig.sty
Package: trig 2021/08/11 v1.11 sin cos tan (DPC)
) (/usr/share/texlive/texmf-dist/tex/latex/graphics-cfg/graphics.cfg
File: graphics.cfg 2016/06/04 v1.11 sample graphics configuration
)
Package graphics Info: Driver file: xetex.def on input line 107.
 (/usr/share/texlive/texmf-dist/tex/latex/graphics-def/xetex.def
File: xetex.def 2021/03/18 v5.0k Graphics/color driver for xetex
))
\Gin@req@height=\dimen161
\Gin@req@width=\dimen162
) (/usr/share/texlive/texmf-dist/tex/latex/tools/tabularx.sty
Package: tabularx 2020/01/15 v2.11c `tabularx' package (DPC)
 (/usr/share/texlive/texmf-dist/tex/latex/tools/array.sty
Package: array 2021/10/04 v2.5f Tabular extension package (FMi)
\col@sep=\dimen163
\ar@mcellbox=\box97
\extrarowheight=\dimen164
\NC@list=\toks21
\extratabsurround=\skip51
\backup@length=\skip52
\ar@cellbox=\box98
)
\TX@col@width=\dimen165
\TX@old@table=\dimen166
\TX@old@col=\dimen167
\TX@target=\dimen168
\TX@delta=\dimen169
\TX@cols=\count285
\TX@ftn=\toks22
) (/usr/share/texlive/texmf-dist/tex/latex/polyglossia/polyglossia.sty
Package: polyglossia 2021/04/12 v1.53 Modern multilingual typesetting with XeLaTeX and LuaLaTeX
 (/usr/share/texlive/texmf-dist/tex/latex/etoolbox/etoolbox.sty
Package: etoolbox 2020/10/05 v2.5k e-TeX tools for LaTeX (JAW)
\etb@tempcnta=\count286
) (/usr/share/texlive/texmf-dist/tex/latex/makecmds/makecmds.sty
Package: makecmds 2009/09/03 v1.0a extra command making commands
) (/usr/share/texlive/texmf-dist/tex/latex/xkeyval/xkeyval.sty
Package: xkeyval 2020/11/20 v2.8 package option processing (HA)
 (/usr/share/texlive/texmf-dist/tex/generic/xkeyval/xkeyval.tex (/usr/share/texlive/texmf-dist/tex/generic/xkeyval/xkvutils.tex
\XKV@toks=\toks23
\XKV@tempa@toks=\toks24
)
\XKV@depth=\count287
File: xkeyval.tex 2014/12/03 v2.7a key=value parser (HA)
)) (/usr/share/texlive/texmf-dist/tex/latex/fontspec/fontspec.sty (/usr/share/texlive/texmf-dist/tex/latex/l3packages/xparse/xparse.sty (/usr/share/texlive/texmf-dist/tex/latex/l3kernel/expl3.sty
Package: expl3 2022-01-21 L3 programming layer (loader) 
 (/usr/share/texlive/texmf-dist/tex/latex/l3backend/l3backend-xetex.def
File: l3backend-xetex.def 2022-01-12 L3 backend support: XeTeX
 (|extractbb --version)
\c__kernel_sys_dvipdfmx_version_int=\count288
\l__color_backend_stack_int=\count289
\g__color_backend_stack_int=\count290
\g__graphics_track_int=\count291
\l__pdf_internal_box=\box99
\g__pdf_backend_object_int=\count292
\g__pdf_backend_annotation_int=\count293
\g__pdf_backend_link_int=\count294
))
Package: xparse 2022-01-12 L3 Experimental document command parser
)
Package: fontspec 2022/01/15 v2.8a Font selection for XeLaTeX and LuaLaTeX
 (/usr/share/texlive/texmf-dist/tex/latex/fontspec/fontspec-xetex.sty
Package: fontspec-xetex 2022/01/15 v2.8a Font selection for XeLaTeX and LuaLaTeX
\l__fontspec_script_int=\count295
\l__fontspec_language_int=\count296
\l__fontspec_strnum_int=\count297
\l__fontspec_tmp_int=\count298
\l__fontspec_tmpa_int=\count299
\l__fontspec_tmpb_int=\count300
\l__fontspec_tmpc_int=\count301
\l__fontspec_em_int=\count302
\l__fontspec_emdef_int=\count303
\l__fontspec_strong_int=\count304
\l__fontspec_strongdef_int=\count305
\l__fontspec_tmpa_dim=\dimen170
\l__fontspec_tmpb_dim=\dimen171
\l__fontspec_tmpc_dim=\dimen172
 (/usr/share/texlive/texmf-dist/tex/latex/base/fontenc.sty
Package: fontenc 2021/04/29 v2.0v Standard LaTeX package
) (/usr/share/texlive/texmf-dist/tex/latex/fontspec/fontspec.cfg))) (/usr/share/texlive/texmf-dist/tex/generic/iftex/iftex.sty
Package: iftex 2020/03/06 v1.0d TeX engine tests
) (/usr/share/texlive/texmf-dist/tex/latex/l3packages/l3keys2e/l3keys2e.sty
Package: l3keys2e 2022-01-12 LaTeX2e option processing using LaTeX3 keys
)

LaTeX hooks Warning: Generic hook 'file/after/tracklang.sty' is deprecated.
(hooks)              Use hook 'file/tracklang.sty/after' instead.


LaTeX hooks Warning: Generic hook 'package/after/bidi' is deprecated.
(hooks)              Use hook 'package/bidi/after' instead.


LaTeX hooks Warning: Generic hook 'package/after/luabidi' is deprecated.
(hooks)              Use hook 'package/luabidi/after' instead.

\xpg@normalclass=\XeTeXcharclass1
(/usr/share/texlive/texmf-dist/tex/latex/polyglossia/gloss-latex.ldf
File: gloss-latex.ldf polyglossia: module for default language
The property list \polyglossia@langsetup contains the pairs (without outer
braces):
>  {latex/script}  =>  {latin}
>  {latex/lcscript}  =>  {latin}
>  {latex/scripttag}  =>  {}
>  {latex/language}  =>  {Latex}
>  {latex/langtag}  =>  {ENG}
>  {latex/bcp47}  =>  {}
>  {latex/hyphennames}  =>  {english}
>  {latex/direction}  =>  {LR}
>  {latex/hyphenmins}  =>  {2,3}
>  {latex/frenchspacing}  =>  {false}
>  {latex/indentfirst}  =>  {false}
>  {latex/fontsetup}  =>  {true}
>  {latex/envname}  =>  {latex}
>  {latex/babelname}  =>  {latex}
>  {latex/localnumeral}  =>  {polyglossia@C@localnumeral}
>  {latex/Localnumeral}  =>  {polyglossia@C@localnumeral}.
)
Package polyglossia Info: Default language is latex.
) (/usr/share/texlive/texmf-dist/tex/latex/polyglossia/gloss-english.ldf
File: gloss-english.ldf polyglossia: module for english
The property list \polyglossia@langsetup contains the pairs (without outer
braces):
>  {latex/script}  =>  {latin}
>  {latex/lcscript}  =>  {latin}
>  {latex/scripttag}  =>  {}
>  {latex/language}  =>  {Latex}
>  {latex/langtag}  =>  {ENG}
>  {latex/bcp47}  =>  {}
>  {latex/hyphennames}  =>  {english}
>  {latex/direction}  =>  {LR}
>  {latex/hyphenmins}  =>  {2,3}
>  {latex/frenchspacing}  =>  {false}
>  {latex/indentfirst}  =>  {false}
>  {latex/fontsetup}  =>  {true}
>  {latex/envname}  =>  {latex}
>  {latex/babelname}  =>  {latex}
>  {latex/localnumeral}  =>  {polyglossia@C@localnumeral}
>  {latex/Localnumeral}  =>  {polyglossia@C@localnumeral}
>  {english/script}  =>  {latin}
>  {english/lcscript}  =>  {latin}
>  {english/scripttag}  =>  {}
>  {english/language}  =>  {English}
>  {english/langtag}  =>  {ENG}
>  {english/bcp47}  =>  {en-US}
>  {english/hyphennames}  =>  {english,american,usenglish,USenglish}
>  {english/direction}  =>  {LR}
>  {english/hyphenmins}  =>  {2,3}
>  {english/frenchspacing}  =>  {false}
>  {english/indentfirst}  =>  {false}
>  {english/fontsetup}  =>  {true}
>  {english/envname}  =>  {english}
>  {english/babelname}  =>  {english}
>  {english/localnumeral}  =>  {polyglossia@C@localnumeral}
>  {english/Localnumeral}  =>  {polyglossia@C@localnumeral}.
Package polyglossia Info: Option: English, variant=american.
)
Package polyglossia Info: Default language is english.
 (/usr/share/texlive/texmf-dist/tex/latex/polyglossia/gloss-farsi.ldf
File: gloss-farsi.ldf polyglossia: module for farsi
 (/usr/share/texlive/texmf-dist/tex/latex/polyglossia/gloss-persian.ldf
File: gloss-persian.ldf polyglossia: module for persian
 (/usr/share/texlive/texmf-dist/tex/xelatex/bidi/bidi.sty
Package: bidi 2022/02/01 v36.4 Bidirectional typesetting in plain TeX and LaTeX

****************************************************
* 
* bidi package (Bidirectional typesetting in
* plain TeX and LaTeX, using XeTeX engine)
* 
* Description: A convenient interface for
* typesetting bidirectional texts in plain TeX
* and LaTeX. The package includes adaptations
* for use with many other commonly-used packages.
* 
* Copyright (c) 2007--2022 Vafa Khalighi
* Copyright (c) 2018--2020 bidi-tex GitHub organization
* 
* v36.4, 2022/02/01
* 
* License: LaTeX Project Public License, version
* 1.3c or higher (your choice)
* 
* Location on CTAN: /macros/xetex/latex/bidi
* 
* Issue tracker: https://github.com/tex-persian/bidi/issues
* 
* Support Email: tex-persian@vafa.ac
* 
* Primary author of bidi package: Vafa Khalighi.
* 
****************************************************
(/usr/share/texlive/texmf-dist/tex/xelatex/bidi/biditools.sty
Package: biditools 2022/02/01 v2.1 Programming tools for bidi package
\@bidi@envbody=\toks25
\@bidi@emptytoks=\toks26
\bidi@poscount=\count306
\bidi@tempcountb=\count307
\bidi@temptoksa=\toks27
\bidi@temptoksb=\toks28
\bidi@dummies=\count308
\bidi@are@these@correct=\toks29
\bidi@toks@lista=\toks30
\bidi@toks@listb=\toks31
\bidi@stack@length=\count309
\bidi@empty@stack=\toks32
\bidi@looprepeat@depth=\count310
)
==> First Aid for biditools.sty no longer applied!
    Expected:
        2020/05/13 v2 Programming tools for bidi package
    but found:
        2022/02/01 v2.1 Programming tools for bidi package
    so I'm assuming it got fixed.
(/usr/share/texlive/texmf-dist/tex/latex/zref/zref-abspage.sty
Package: zref-abspage 2020-07-03 v2.32 Module abspage for zref (HO)
 (/usr/share/texlive/texmf-dist/tex/latex/zref/zref-base.sty
Package: zref-base 2020-07-03 v2.32 Module base for zref (HO)
 (/usr/share/texlive/texmf-dist/tex/generic/ltxcmds/ltxcmds.sty
Package: ltxcmds 2020-05-10 v1.25 LaTeX kernel commands for general use (HO)
) (/usr/share/texlive/texmf-dist/tex/generic/infwarerr/infwarerr.sty
Package: infwarerr 2019/12/03 v1.5 Providing info/warning/error messages (HO)
) (/usr/share/texlive/texmf-dist/tex/generic/kvsetkeys/kvsetkeys.sty
Package: kvsetkeys 2019/12/15 v1.18 Key value parser (HO)
) (/usr/share/texlive/texmf-dist/tex/generic/kvdefinekeys/kvdefinekeys.sty
Package: kvdefinekeys 2019-12-19 v1.6 Define keys (HO)
) (/usr/share/texlive/texmf-dist/tex/generic/pdftexcmds/pdftexcmds.sty
Package: pdftexcmds 2020-06-27 v0.33 Utility functions of pdfTeX for LuaTeX (HO)
Package pdftexcmds Info: \pdf@primitive is available.
Package pdftexcmds Info: \pdf@ifprimitive is available.
Package pdftexcmds Info: \pdfdraftmode not found.
) (/usr/share/texlive/texmf-dist/tex/generic/etexcmds/etexcmds.sty
Package: etexcmds 2019/12/15 v1.7 Avoid name clashes with e-TeX commands (HO)
) (/usr/share/texlive/texmf-dist/tex/latex/auxhook/auxhook.sty
Package: auxhook 2019-12-17 v1.6 Hooks for auxiliary files (HO)
)
Package zref Info: New property list: main on input line 764.
Package zref Info: New property: default on input line 765.
Package zref Info: New property: page on input line 766.
) (/usr/share/texlive/texmf-dist/tex/latex/base/atbegshi-ltx.sty
Package: atbegshi-ltx 2021/01/10 v1.0c Emulation of the original atbegshi
package with kernel methods
)
\c@abspage=\count311
Package zref Info: New property: abspage on input line 66.
)
\@bidi@copyins@=\insert252
 (/usr/share/texlive/texmf-dist/tex/xelatex/bidi/latex-xetex-bidi.def
File: latex-xetex-bidi.def 2022/02/01 v1.3.8 bidi adaptations for `latex.ltx' for XeTeX engine
\bidi@n@everypar=\toks33
\bidi@column@check@number=\count312
 (/usr/share/texlive/texmf-dist/tex/xelatex/bidi/footnote-xetex-bidi.def
File: footnote-xetex-bidi.def 2017/08/09 v1.1 bidi footnote macros for XeTeX engine
\c@footdir@label=\count313
\footdir@toks=\toks34
) (/usr/share/texlive/texmf-dist/tex/xelatex/bidi/article-xetex-bidi.def
File: article-xetex-bidi.def 2017/06/09 v0.6 bidi adaptations for standard article class for XeTeX engine
) (/usr/share/texlive/texmf-dist/tex/xelatex/bidi/graphicx-xetex-bidi.def
File: graphicx-xetex-bidi.def 2017/06/17 v0.5 bidi adaptations for graphicx package for XeTeX engine
) (/usr/share/texlive/texmf-dist/tex/xelatex/bidi/tabularx-xetex-bidi.def
File: tabularx-xetex-bidi.def 2014/11/08 v0.1 bidi adaptations for tabularx package for XeTeX engine
) (/usr/share/texlive/texmf-dist/tex/xelatex/bidi/array-xetex-bidi.def
File: array-xetex-bidi.def 2015/11/07 v0.3 bidi adaptations for array package for XeTeX engine
) (/usr/share/texlive/texmf-dist/tex/xelatex/bidi/multicol-xetex-bidi.def
File: multicol-xetex-bidi.def 2022/02/01 v1.3 bidi adaptations for multicol package for XeTeX engine
)) (/usr/share/texlive/texmf-dist/tex/xelatex/bidi/loadingorder-xetex-bidi.def
File: loadingorder-xetex-bidi.def 2017/12/29 v0.97 making sure that bidi is the last package loaded
)
\bidi@digits=\count314
\bidi@digits@charclass=\XeTeXcharclass2
\bidi@sepmark@charclass=\XeTeXcharclass3
) (/usr/share/texlive/texmf-dist/tex/latex/polyglossia/arabicnumbers.sty
Package: arabicnumbers 2010/03/18 v0.2 Formatting of Arabic and Farsi digits and of Arabic abjad numerals
) (/usr/share/texlive/texmf-dist/tex/latex/polyglossia/farsical.sty
Package: farsical 2019/12/12 v0.2 Farsi (jalali) calendar
 (/usr/share/texlive/texmf-dist/tex/latex/tools/calc.sty
Package: calc 2017/05/25 v4.3 Infix arithmetic (KKT,FJ)
\calc@Acount=\count315
\calc@Bcount=\count316
\calc@Adimen=\dimen173
\calc@Bdimen=\dimen174
\calc@Askip=\skip53
\calc@Bskip=\skip54
LaTeX Info: Redefining \setlength on input line 80.
LaTeX Info: Redefining \addtolength on input line 81.
\calc@Ccount=\count317
\calc@Cskip=\skip55
)
\JALALI@i=\count318
\JALALI@y=\count319
\JALALI@m=\count320
\JALALI@d=\count321
\JALALI@latini=\count322
\JALALI@farsii=\count323
\JALALI@latinii=\count324
\JALALI@farsiii=\count325
\JALALI@latiniii=\count326
\JALALI@farsiiii=\count327
\JALALI@latiniv=\count328
\JALALI@farsiiv=\count329
\JALALI@latinv=\count330
\JALALI@farsiv=\count331
\JALALI@latinvi=\count332
\JALALI@farsivi=\count333
\JALALI@latinvii=\count334
\JALALI@farsivii=\count335
\JALALI@latinviii=\count336
\JALALI@farsiviii=\count337
\JALALI@latinix=\count338
\JALALI@farsiix=\count339
\JALALI@latinx=\count340
\JALALI@farsix=\count341
\JALALI@latinxi=\count342
\JALALI@farsixi=\count343
\JALALI@latinxii=\count344
\JALALI@farsixii=\count345
\JALALI@farsixiii=\count346
\JALALI@temp=\count347
\JALALI@temptwo=\count348
\JALALI@tempthree=\count349
\JALALI@yModHundred=\count350
\JALALI@thirtytwo=\count351
\JALALI@dn=\count352
\JALALI@sn=\count353
\JALALI@mminusone=\count354
) (/usr/share/texlive/texmf-dist/tex/latex/polyglossia/hijrical.sty
Package: hijrical 2010/07/12 v0.2 Islamic calendar
 (/usr/share/texlive/texmf-dist/tex/latex/polyglossia/cal-util.def
\c@tmpA=\count355
\c@tmpB=\count356
\c@tmpC=\count357
\c@tmpD=\count358
\c@tmpE=\count359
\c@tmpF=\count360
)
\c@Hijriday=\count361
\c@Hijrimonth=\count362
\c@Hijriyear=\count363
)
The property list \polyglossia@langsetup contains the pairs (without outer
braces):
>  {latex/script}  =>  {latin}
>  {latex/lcscript}  =>  {latin}
>  {latex/scripttag}  =>  {}
>  {latex/language}  =>  {Latex}
>  {latex/langtag}  =>  {ENG}
>  {latex/bcp47}  =>  {}
>  {latex/hyphennames}  =>  {english}
>  {latex/direction}  =>  {LR}
>  {latex/hyphenmins}  =>  {2,3}
>  {latex/frenchspacing}  =>  {false}
>  {latex/indentfirst}  =>  {false}
>  {latex/fontsetup}  =>  {true}
>  {latex/envname}  =>  {latex}
>  {latex/babelname}  =>  {latex}
>  {latex/localnumeral}  =>  {polyglossia@C@localnumeral}
>  {latex/Localnumeral}  =>  {polyglossia@C@localnumeral}
>  {english/script}  =>  {latin}
>  {english/lcscript}  =>  {latin}
>  {english/scripttag}  =>  {}
>  {english/language}  =>  {English}
>  {english/langtag}  =>  {ENG}
>  {english/bcp47}  =>  {en-US}
>  {english/hyphennames}  =>  {english,american,usenglish,USenglish}
>  {english/direction}  =>  {LR}
>  {english/hyphenmins}  =>  {2,3}
>  {english/frenchspacing}  =>  {false}
>  {english/indentfirst}  =>  {false}
>  {english/fontsetup}  =>  {true}
>  {english/envname}  =>  {english}
>  {english/babelname}  =>  {american}
>  {english/localnumeral}  =>  {polyglossia@C@localnumeral}
>  {english/Localnumeral}  =>  {polyglossia@C@localnumeral}
>  {persian/script}  =>  {Arabic}
>  {persian/lcscript}  =>  {arabic}
>  {persian/scripttag}  =>  {arab}
>  {persian/language}  =>  {Persian}
>  {persian/langtag}  =>  {FAR}
>  {persian/bcp47}  =>  {fa}
>  {persian/hyphennames}  =>  {nohyphenation}
>  {persian/direction}  =>  {RL}
>  {persian/hyphenmins}  =>  {2,3}
>  {persian/frenchspacing}  =>  {false}
>  {persian/indentfirst}  =>  {false}
>  {persian/fontsetup}  =>  {true}
>  {persian/envname}  =>  {persian}
>  {persian/babelname}  =>  {farsi}
>  {persian/localnumeral}  =>  {farsinumerals}
>  {persian/Localnumeral}  =>  {farsinumerals}.
)) (/usr/share/texlive/texmf-dist/tex/latex/amiri/Amiri.fontspec)

Package fontspec Info: Font family 'Amiri(0)' created for font 'Amiri' with
(fontspec)             options
(fontspec)             [Extension=.ttf,UprightFont=*-Regular,ItalicFont=*-Slanted,BoldFont=*-Bold,BoldItalicFont=*-BoldSlanted,Script=Arabic].
(fontspec)              
(fontspec)              This font family consists of the following NFSS
(fontspec)             series/shapes:
(fontspec)              
(fontspec)             - 'normal' (m/n) with NFSS spec.:
(fontspec)             <->"[Amiri-Regular.ttf]/OT:script=arab;language=dflt;"
(fontspec)             - 'small caps'  (m/sc) with NFSS spec.: 
(fontspec)             - 'bold' (b/n) with NFSS spec.:
(fontspec)             <->"[Amiri-Bold.ttf]/OT:script=arab;language=dflt;"
(fontspec)             - 'bold small caps'  (b/sc) with NFSS spec.: 
(fontspec)             - 'italic' (m/it) with NFSS spec.:
(fontspec)             <->"[Amiri-Slanted.ttf]/OT:script=arab;language=dflt;"
(fontspec)             - 'italic small caps'  (m/scit) with NFSS spec.: 
(fontspec)             - 'bold italic' (b/it) with NFSS spec.:
(fontspec)             <->"[Amiri-BoldSlanted.ttf]/OT:script=arab;language=dflt;"
(fontspec)             - 'bold italic small caps'  (b/scit) with NFSS spec.: 

 (./image_captioning_main.aux
LaTeX Info: Redefining \rmfamily on input line 9.
LaTeX Info: Redefining \sffamily on input line 9.
LaTeX Info: Redefining \ttfamily on input line 9.
LaTeX Info: Redefining \rmfamily on input line 42.
LaTeX Info: Redefining \sffamily on input line 42.
LaTeX Info: Redefining \ttfamily on input line 42.
LaTeX Info: Redefining \rmfamily on input line 49.
LaTeX Info: Redefining \sffamily on input line 49.
LaTeX Info: Redefining \ttfamily on input line 49.
LaTeX Info: Redefining \rmfamily on input line 58.
LaTeX Info: Redefining \sffamily on input line 58.
LaTeX Info: Redefining \ttfamily on input line 58.
LaTeX Info: Redefining \rmfamily on input line 65.
LaTeX Info: Redefining \sffamily on input line 65.
LaTeX Info: Redefining \ttfamily on input line 65.
LaTeX Info: Redefining \rmfamily on input line 74.
LaTeX Info: Redefining \sffamily on input line 74.
LaTeX Info: Redefining \ttfamily on input line 74.
LaTeX Info: Redefining \rmfamily on input line 81.
LaTeX Info: Redefining \sffamily on input line 81.
LaTeX Info: Redefining \ttfamily on input line 81.
LaTeX Info: Redefining \rmfamily on input line 90.
LaTeX Info: Redefining \sffamily on input line 90.
LaTeX Info: Redefining \ttfamily on input line 90.
LaTeX Info: Redefining \rmfamily on input line 97.
LaTeX Info: Redefining \sffamily on input line 97.
LaTeX Info: Redefining \ttfamily on input line 97.
LaTeX Info: Redefining \rmfamily on input line 106.
LaTeX Info: Redefining \sffamily on input line 106.
LaTeX Info: Redefining \ttfamily on input line 106.
LaTeX Info: Redefining \rmfamily on input line 113.
LaTeX Info: Redefining \sffamily on input line 113.
LaTeX Info: Redefining \ttfamily on input line 113.
LaTeX Info: Redefining \rmfamily on input line 126.
LaTeX Info: Redefining \sffamily on input line 126.
LaTeX Info: Redefining \ttfamily on input line 126.
LaTeX Info: Redefining \rmfamily on input line 134.
LaTeX Info: Redefining \sffamily on input line 134.
LaTeX Info: Redefining \ttfamily on input line 134.
LaTeX Info: Redefining \rmfamily on input line 142.
LaTeX Info: Redefining \sffamily on input line 142.
LaTeX Info: Redefining \ttfamily on input line 142.
LaTeX Info: Redefining \rmfamily on input line 150.
LaTeX Info: Redefining \sffamily on input line 150.
LaTeX Info: Redefining \ttfamily on input line 150.
LaTeX Info: Redefining \rmfamily on input line 158.
LaTeX Info: Redefining \sffamily on input line 158.
LaTeX Info: Redefining \ttfamily on input line 158.
LaTeX Info: Redefining \rmfamily on input line 166.
LaTeX Info: Redefining \sffamily on input line 166.
LaTeX Info: Redefining \ttfamily on input line 166.
LaTeX Info: Redefining \rmfamily on input line 174.
LaTeX Info: Redefining \sffamily on input line 174.
LaTeX Info: Redefining \ttfamily on input line 174.
LaTeX Info: Redefining \rmfamily on input line 182.
LaTeX Info: Redefining \sffamily on input line 182.
LaTeX Info: Redefining \ttfamily on input line 182.
LaTeX Info: Redefining \rmfamily on input line 190.
LaTeX Info: Redefining \sffamily on input line 190.
LaTeX Info: Redefining \ttfamily on input line 190.
LaTeX Info: Redefining \rmfamily on input line 198.
LaTeX Info: Redefining \sffamily on input line 198.
LaTeX Info: Redefining \ttfamily on input line 198.
LaTeX Info: Redefining \rmfamily on input line 206.
LaTeX Info: Redefining \sffamily on input line 206.
LaTeX Info: Redefining \ttfamily on input line 206.
LaTeX Info: Redefining \rmfamily on input line 213.
LaTeX Info: Redefining \sffamily on input line 213.
LaTeX Info: Redefining \ttfamily on input line 213.
LaTeX Info: Redefining \rmfamily on input line 224.
LaTeX Info: Redefining \sffamily on input line 224.
LaTeX Info: Redefining \ttfamily on input line 224.
LaTeX Info: Redefining \rmfamily on input line 232.
LaTeX Info: Redefining \sffamily on input line 232.
LaTeX Info: Redefining \ttfamily on input line 232.
LaTeX Info: Redefining \rmfamily on input line 240.
LaTeX Info: Redefining \sffamily on input line 240.
LaTeX Info: Redefining \ttfamily on input line 240.
LaTeX Info: Redefining \rmfamily on input line 248.
LaTeX Info: Redefining \sffamily on input line 248.
LaTeX Info: Redefining \ttfamily on input line 248.
LaTeX Info: Redefining \rmfamily on input line 256.
LaTeX Info: Redefining \sffamily on input line 256.
LaTeX Info: Redefining \ttfamily on input line 256.
LaTeX Info: Redefining \rmfamily on input line 264.
LaTeX Info: Redefining \sffamily on input line 264.
LaTeX Info: Redefining \ttfamily on input line 264.
LaTeX Info: Redefining \rmfamily on input line 272.
LaTeX Info: Redefining \sffamily on input line 272.
LaTeX Info: Redefining \ttfamily on input line 272.
LaTeX Info: Redefining \rmfamily on input line 280.
LaTeX Info: Redefining \sffamily on input line 280.
LaTeX Info: Redefining \ttfamily on input line 280.
LaTeX Info: Redefining \rmfamily on input line 288.
LaTeX Info: Redefining \sffamily on input line 288.
LaTeX Info: Redefining \ttfamily on input line 288.
LaTeX Info: Redefining \rmfamily on input line 296.
LaTeX Info: Redefining \sffamily on input line 296.
LaTeX Info: Redefining \ttfamily on input line 296.
LaTeX Info: Redefining \rmfamily on input line 304.
LaTeX Info: Redefining \sffamily on input line 304.
LaTeX Info: Redefining \ttfamily on input line 304.
LaTeX Info: Redefining \rmfamily on input line 312.
LaTeX Info: Redefining \sffamily on input line 312.
LaTeX Info: Redefining \ttfamily on input line 312.
LaTeX Info: Redefining \rmfamily on input line 320.
LaTeX Info: Redefining \sffamily on input line 320.
LaTeX Info: Redefining \ttfamily on input line 320.
LaTeX Info: Redefining \rmfamily on input line 328.
LaTeX Info: Redefining \sffamily on input line 328.
LaTeX Info: Redefining \ttfamily on input line 328.
LaTeX Info: Redefining \rmfamily on input line 336.
LaTeX Info: Redefining \sffamily on input line 336.
LaTeX Info: Redefining \ttfamily on input line 336.
LaTeX Info: Redefining \rmfamily on input line 344.
LaTeX Info: Redefining \sffamily on input line 344.
LaTeX Info: Redefining \ttfamily on input line 344.
LaTeX Info: Redefining \rmfamily on input line 352.
LaTeX Info: Redefining \sffamily on input line 352.
LaTeX Info: Redefining \ttfamily on input line 352.
LaTeX Info: Redefining \rmfamily on input line 360.
LaTeX Info: Redefining \sffamily on input line 360.
LaTeX Info: Redefining \ttfamily on input line 360.
LaTeX Info: Redefining \rmfamily on input line 368.
LaTeX Info: Redefining \sffamily on input line 368.
LaTeX Info: Redefining \ttfamily on input line 368.
LaTeX Info: Redefining \rmfamily on input line 376.
LaTeX Info: Redefining \sffamily on input line 376.
LaTeX Info: Redefining \ttfamily on input line 376.
LaTeX Info: Redefining \rmfamily on input line 386.
LaTeX Info: Redefining \sffamily on input line 386.
LaTeX Info: Redefining \ttfamily on input line 386.
LaTeX Info: Redefining \rmfamily on input line 394.
LaTeX Info: Redefining \sffamily on input line 394.
LaTeX Info: Redefining \ttfamily on input line 394.
LaTeX Info: Redefining \rmfamily on input line 410.
LaTeX Info: Redefining \sffamily on input line 410.
LaTeX Info: Redefining \ttfamily on input line 410.
LaTeX Info: Redefining \rmfamily on input line 418.
LaTeX Info: Redefining \sffamily on input line 418.
LaTeX Info: Redefining \ttfamily on input line 418.
)
\openout1 = `image_captioning_main.aux'.

LaTeX Font Info:    Checking defaults for OML/cmm/m/it on input line 34.
LaTeX Font Info:    ... okay on input line 34.
LaTeX Font Info:    Checking defaults for OMS/cmsy/m/n on input line 34.
LaTeX Font Info:    ... okay on input line 34.
LaTeX Font Info:    Checking defaults for OT1/cmr/m/n on input line 34.
LaTeX Font Info:    ... okay on input line 34.
LaTeX Font Info:    Checking defaults for T1/cmr/m/n on input line 34.
LaTeX Font Info:    ... okay on input line 34.
LaTeX Font Info:    Checking defaults for TS1/cmr/m/n on input line 34.
LaTeX Font Info:    Trying to load font information for TS1+cmr on input line 34.
 (/usr/share/texlive/texmf-dist/tex/latex/base/ts1cmr.fd
File: ts1cmr.fd 2019/12/16 v2.5j Standard LaTeX font definitions
)
LaTeX Font Info:    ... okay on input line 34.
LaTeX Font Info:    Checking defaults for TU/lmr/m/n on input line 34.
LaTeX Font Info:    ... okay on input line 34.
LaTeX Font Info:    Checking defaults for OMX/cmex/m/n on input line 34.
LaTeX Font Info:    ... okay on input line 34.
LaTeX Font Info:    Checking defaults for U/cmr/m/n on input line 34.
LaTeX Font Info:    ... okay on input line 34.

Package fontspec Info: Adjusting the maths setup (use [no-math] to avoid
(fontspec)             this).

\symlegacymaths=\mathgroup4
LaTeX Font Info:    Overwriting symbol font `legacymaths' in version `bold'
(Font)                  OT1/cmr/m/n --> OT1/cmr/bx/n on input line 34.
LaTeX Font Info:    Redeclaring math accent \acute on input line 34.
LaTeX Font Info:    Redeclaring math accent \grave on input line 34.
LaTeX Font Info:    Redeclaring math accent \ddot on input line 34.
LaTeX Font Info:    Redeclaring math accent \tilde on input line 34.
LaTeX Font Info:    Redeclaring math accent \bar on input line 34.
LaTeX Font Info:    Redeclaring math accent \breve on input line 34.
LaTeX Font Info:    Redeclaring math accent \check on input line 34.
LaTeX Font Info:    Redeclaring math accent \hat on input line 34.
LaTeX Font Info:    Redeclaring math accent \dot on input line 34.
LaTeX Font Info:    Redeclaring math accent \mathring on input line 34.
LaTeX Font Info:    Redeclaring math symbol \colon on input line 34.
LaTeX Font Info:    Redeclaring math symbol \Gamma on input line 34.
LaTeX Font Info:    Redeclaring math symbol \Delta on input line 34.
LaTeX Font Info:    Redeclaring math symbol \Theta on input line 34.
LaTeX Font Info:    Redeclaring math symbol \Lambda on input line 34.
LaTeX Font Info:    Redeclaring math symbol \Xi on input line 34.
LaTeX Font Info:    Redeclaring math symbol \Pi on input line 34.
LaTeX Font Info:    Redeclaring math symbol \Sigma on input line 34.
LaTeX Font Info:    Redeclaring math symbol \Upsilon on input line 34.
LaTeX Font Info:    Redeclaring math symbol \Phi on input line 34.
LaTeX Font Info:    Redeclaring math symbol \Psi on input line 34.
LaTeX Font Info:    Redeclaring math symbol \Omega on input line 34.
LaTeX Font Info:    Redeclaring math symbol \mathdollar on input line 34.
LaTeX Font Info:    Redeclaring symbol font `operators' on input line 34.
LaTeX Font Info:    Encoding `OT1' has changed to `TU' for symbol font
(Font)              `operators' in the math version `normal' on input line 34.
LaTeX Font Info:    Overwriting symbol font `operators' in version `normal'
(Font)                  OT1/cmr/m/n --> TU/lmr/m/n on input line 34.
LaTeX Font Info:    Encoding `OT1' has changed to `TU' for symbol font
(Font)              `operators' in the math version `bold' on input line 34.
LaTeX Font Info:    Overwriting symbol font `operators' in version `bold'
(Font)                  OT1/cmr/bx/n --> TU/lmr/m/n on input line 34.
LaTeX Font Info:    Overwriting symbol font `operators' in version `normal'
(Font)                  TU/lmr/m/n --> TU/lmr/m/n on input line 34.
LaTeX Font Info:    Overwriting math alphabet `\mathit' in version `normal'
(Font)                  OT1/cmr/m/it --> TU/lmr/m/it on input line 34.
LaTeX Font Info:    Overwriting math alphabet `\mathbf' in version `normal'
(Font)                  OT1/cmr/bx/n --> TU/lmr/b/n on input line 34.
LaTeX Font Info:    Overwriting math alphabet `\mathsf' in version `normal'
(Font)                  OT1/cmss/m/n --> TU/lmss/m/n on input line 34.
LaTeX Font Info:    Overwriting math alphabet `\mathtt' in version `normal'
(Font)                  OT1/cmtt/m/n --> TU/lmtt/m/n on input line 34.
LaTeX Font Info:    Overwriting symbol font `operators' in version `bold'
(Font)                  TU/lmr/m/n --> TU/lmr/b/n on input line 34.
LaTeX Font Info:    Overwriting math alphabet `\mathit' in version `bold'
(Font)                  OT1/cmr/bx/it --> TU/lmr/b/it on input line 34.
LaTeX Font Info:    Overwriting math alphabet `\mathsf' in version `bold'
(Font)                  OT1/cmss/bx/n --> TU/lmss/b/n on input line 34.
LaTeX Font Info:    Overwriting math alphabet `\mathtt' in version `bold'
(Font)                  OT1/cmtt/m/n --> TU/lmtt/b/n on input line 34.
LaTeX Info: Redefining \rmfamily on input line 34.
LaTeX Info: Redefining \sffamily on input line 34.
LaTeX Info: Redefining \ttfamily on input line 34.
LaTeX Font Info:    External font `cmex10' loaded for size
(Font)              <12> on input line 52.
LaTeX Font Info:    External font `cmex10' loaded for size
(Font)              <8> on input line 52.
LaTeX Font Info:    External font `cmex10' loaded for size
(Font)              <6> on input line 52.
LaTeX Font Info:    External font `cmex10' loaded for size
(Font)              <7> on input line 63.
LaTeX Font Info:    External font `cmex10' loaded for size
(Font)              <5> on input line 63.
 [1

] [2]
Underfull \vbox (badness 2158) has occurred while \output is active []

 [3] [4]
File: 2656351.jpg Graphic file (type bmp)
<2656351.jpg>
LaTeX Info: Redefining \rmfamily on input line 137.
LaTeX Info: Redefining \sffamily on input line 137.
LaTeX Info: Redefining \ttfamily on input line 137.
LaTeX Info: Redefining \rmfamily on input line 137.
LaTeX Info: Redefining \sffamily on input line 137.
LaTeX Info: Redefining \ttfamily on input line 137.
LaTeX Info: Redefining \rmfamily on input line 137.
LaTeX Info: Redefining \sffamily on input line 137.
LaTeX Info: Redefining \ttfamily on input line 137.
LaTeX Info: Redefining \rmfamily on input line 137.
LaTeX Info: Redefining \sffamily on input line 137.
LaTeX Info: Redefining \ttfamily on input line 137.
LaTeX Info: Redefining \rmfamily on input line 137.
LaTeX Info: Redefining \sffamily on input line 137.
LaTeX Info: Redefining \ttfamily on input line 137.
LaTeX Info: Redefining \rmfamily on input line 137.
LaTeX Info: Redefining \sffamily on input line 137.
LaTeX Info: Redefining \ttfamily on input line 137.
LaTeX Info: Redefining \rmfamily on input line 137.
LaTeX Info: Redefining \sffamily on input line 137.
LaTeX Info: Redefining \ttfamily on input line 137.
LaTeX Info: Redefining \rmfamily on input line 137.
LaTeX Info: Redefining \sffamily on input line 137.
LaTeX Info: Redefining \ttfamily on input line 137.
LaTeX Info: Redefining \rmfamily on input line 137.
LaTeX Info: Redefining \sffamily on input line 137.
LaTeX Info: Redefining \ttfamily on input line 137.
LaTeX Info: Redefining \rmfamily on input line 137.
LaTeX Info: Redefining \sffamily on input line 137.
LaTeX Info: Redefining \ttfamily on input line 137.
 [5] [6]
LaTeX Info: Redefining \rmfamily on input line 163.
LaTeX Info: Redefining \sffamily on input line 163.
LaTeX Info: Redefining \ttfamily on input line 163.
LaTeX Info: Redefining \rmfamily on input line 163.
LaTeX Info: Redefining \sffamily on input line 163.
LaTeX Info: Redefining \ttfamily on input line 163.
LaTeX Info: Redefining \rmfamily on input line 163.
LaTeX Info: Redefining \sffamily on input line 163.
LaTeX Info: Redefining \ttfamily on input line 163.
LaTeX Info: Redefining \rmfamily on input line 163.
LaTeX Info: Redefining \sffamily on input line 163.
LaTeX Info: Redefining \ttfamily on input line 163.
LaTeX Info: Redefining \rmfamily on input line 163.
LaTeX Info: Redefining \sffamily on input line 163.
LaTeX Info: Redefining \ttfamily on input line 163.
LaTeX Info: Redefining \rmfamily on input line 163.
LaTeX Info: Redefining \sffamily on input line 163.
LaTeX Info: Redefining \ttfamily on input line 163.
LaTeX Info: Redefining \rmfamily on input line 163.
LaTeX Info: Redefining \sffamily on input line 163.
LaTeX Info: Redefining \ttfamily on input line 163.
LaTeX Info: Redefining \rmfamily on input line 163.
LaTeX Info: Redefining \sffamily on input line 163.
LaTeX Info: Redefining \ttfamily on input line 163.
LaTeX Info: Redefining \rmfamily on input line 163.
LaTeX Info: Redefining \sffamily on input line 163.
LaTeX Info: Redefining \ttfamily on input line 163.
LaTeX Info: Redefining \rmfamily on input line 163.
LaTeX Info: Redefining \sffamily on input line 163.
LaTeX Info: Redefining \ttfamily on input line 163.

Overfull \hbox (7.08847pt too wide) in paragraph at lines 163--164
[][]\TU/lmr/m/n/10 As part of the dataset preprocessing, it is important to note that the “comment-[]
 []

LaTeX Info: Redefining \rmfamily on input line 165.
LaTeX Info: Redefining \sffamily on input line 165.
LaTeX Info: Redefining \ttfamily on input line 165.
LaTeX Info: Redefining \rmfamily on input line 168.
LaTeX Info: Redefining \sffamily on input line 168.
LaTeX Info: Redefining \ttfamily on input line 168.
File: long_short.jpg Graphic file (type bmp)
<long_short.jpg>
LaTeX Info: Redefining \rmfamily on input line 179.
LaTeX Info: Redefining \sffamily on input line 179.
LaTeX Info: Redefining \ttfamily on input line 179.
LaTeX Info: Redefining \rmfamily on input line 181.
LaTeX Info: Redefining \sffamily on input line 181.
LaTeX Info: Redefining \ttfamily on input line 181.
[7]
File: length_distribution.png Graphic file (type bmp)
<length_distribution.png>
LaTeX Info: Redefining \rmfamily on input line 196.
LaTeX Info: Redefining \sffamily on input line 196.
LaTeX Info: Redefining \ttfamily on input line 196.
LaTeX Info: Redefining \rmfamily on input line 196.
LaTeX Info: Redefining \sffamily on input line 196.
LaTeX Info: Redefining \ttfamily on input line 196.
LaTeX Info: Redefining \rmfamily on input line 196.
LaTeX Info: Redefining \sffamily on input line 196.
LaTeX Info: Redefining \ttfamily on input line 196.
LaTeX Info: Redefining \rmfamily on input line 196.
LaTeX Info: Redefining \sffamily on input line 196.
LaTeX Info: Redefining \ttfamily on input line 196.
LaTeX Info: Redefining \rmfamily on input line 196.
LaTeX Info: Redefining \sffamily on input line 196.
LaTeX Info: Redefining \ttfamily on input line 196.
LaTeX Info: Redefining \rmfamily on input line 196.
LaTeX Info: Redefining \sffamily on input line 196.
LaTeX Info: Redefining \ttfamily on input line 196.
LaTeX Info: Redefining \rmfamily on input line 196.
LaTeX Info: Redefining \sffamily on input line 196.
LaTeX Info: Redefining \ttfamily on input line 196.
LaTeX Info: Redefining \rmfamily on input line 196.
LaTeX Info: Redefining \sffamily on input line 196.
LaTeX Info: Redefining \ttfamily on input line 196.
LaTeX Info: Redefining \rmfamily on input line 198.
LaTeX Info: Redefining \sffamily on input line 198.
LaTeX Info: Redefining \ttfamily on input line 198.
LaTeX Info: Redefining \rmfamily on input line 198.
LaTeX Info: Redefining \sffamily on input line 198.
LaTeX Info: Redefining \ttfamily on input line 198.
LaTeX Info: Redefining \rmfamily on input line 198.
LaTeX Info: Redefining \sffamily on input line 198.
LaTeX Info: Redefining \ttfamily on input line 198.
LaTeX Info: Redefining \rmfamily on input line 198.
LaTeX Info: Redefining \sffamily on input line 198.
LaTeX Info: Redefining \ttfamily on input line 198.
LaTeX Info: Redefining \rmfamily on input line 198.
LaTeX Info: Redefining \sffamily on input line 198.
LaTeX Info: Redefining \ttfamily on input line 198.
LaTeX Info: Redefining \rmfamily on input line 198.
LaTeX Info: Redefining \sffamily on input line 198.
LaTeX Info: Redefining \ttfamily on input line 198.
LaTeX Info: Redefining \rmfamily on input line 198.
LaTeX Info: Redefining \sffamily on input line 198.
LaTeX Info: Redefining \ttfamily on input line 198.
LaTeX Info: Redefining \rmfamily on input line 198.
LaTeX Info: Redefining \sffamily on input line 198.
LaTeX Info: Redefining \ttfamily on input line 198.
LaTeX Info: Redefining \rmfamily on input line 198.
LaTeX Info: Redefining \sffamily on input line 198.
LaTeX Info: Redefining \ttfamily on input line 198.
LaTeX Info: Redefining \rmfamily on input line 198.
LaTeX Info: Redefining \sffamily on input line 198.
LaTeX Info: Redefining \ttfamily on input line 198.

Underfull \vbox (badness 1112) has occurred while \output is active []

 [8]
LaTeX Info: Redefining \rmfamily on input line 200.
LaTeX Info: Redefining \sffamily on input line 200.
LaTeX Info: Redefining \ttfamily on input line 200.
LaTeX Info: Redefining \rmfamily on input line 200.
LaTeX Info: Redefining \sffamily on input line 200.
LaTeX Info: Redefining \ttfamily on input line 200.
 [9]
Overfull \hbox (3.61848pt too wide) in paragraph at lines 218--219
[]\TU/lmr/m/n/10 After loading the dataset, an image feature extractor using the MobileNetV3Small[]
 []

[10] [11]
File: loss.png Graphic file (type bmp)
<loss.png>
LaTeX Info: Redefining \rmfamily on input line 252.
LaTeX Info: Redefining \sffamily on input line 252.
LaTeX Info: Redefining \ttfamily on input line 252.
LaTeX Info: Redefining \rmfamily on input line 255.
LaTeX Info: Redefining \sffamily on input line 255.
LaTeX Info: Redefining \ttfamily on input line 255.
 [12]
File: elephant.png Graphic file (type bmp)
<elephant.png>
 [13]
Underfull \hbox (badness 1158) in paragraph at lines 312--313
[][]\TU/lmr/m/n/10 Krasin, Ivan, et al. ”Openimages: A public dataset for large-scale[]
 []

[14]
The property list \polyglossia@langsetup contains the pairs (without outer
braces):
>  {latex/script}  =>  {latin}
>  {latex/lcscript}  =>  {latin}
>  {latex/scripttag}  =>  {}
>  {latex/language}  =>  {Latex}
>  {latex/langtag}  =>  {ENG}
>  {latex/bcp47}  =>  {}
>  {latex/hyphennames}  =>  {english}
>  {latex/direction}  =>  {LR}
>  {latex/hyphenmins}  =>  {2,3}
>  {latex/frenchspacing}  =>  {false}
>  {latex/indentfirst}  =>  {false}
>  {latex/fontsetup}  =>  {true}
>  {latex/envname}  =>  {latex}
>  {latex/babelname}  =>  {latex}
>  {latex/localnumeral}  =>  {polyglossia@C@localnumeral}
>  {latex/Localnumeral}  =>  {polyglossia@C@localnumeral}
>  {english/script}  =>  {latin}
>  {english/lcscript}  =>  {latin}
>  {english/scripttag}  =>  {}
>  {english/language}  =>  {English}
>  {english/langtag}  =>  {ENG}
>  {english/bcp47}  =>  {en-US}
>  {english/hyphennames}  =>  {english,american,usenglish,USenglish}
>  {english/direction}  =>  {LR}
>  {english/hyphenmins}  =>  {2,3}
>  {english/frenchspacing}  =>  {false}
>  {english/indentfirst}  =>  {false}
>  {english/fontsetup}  =>  {true}
>  {english/envname}  =>  {english}
>  {english/babelname}  =>  {american}
>  {english/localnumeral}  =>  {polyglossia@C@localnumeral}
>  {english/Localnumeral}  =>  {polyglossia@C@localnumeral}
>  {persian/script}  =>  {Arabic}
>  {persian/lcscript}  =>  {arabic}
>  {persian/scripttag}  =>  {arab}
>  {persian/language}  =>  {Persian}
>  {persian/langtag}  =>  {FAR}
>  {persian/bcp47}  =>  {fa}
>  {persian/hyphennames}  =>  {nohyphenation}
>  {persian/direction}  =>  {RL}
>  {persian/hyphenmins}  =>  {2,3}
>  {persian/frenchspacing}  =>  {false}
>  {persian/indentfirst}  =>  {false}
>  {persian/fontsetup}  =>  {true}
>  {persian/envname}  =>  {persian}
>  {persian/babelname}  =>  {farsi}
>  {persian/localnumeral}  =>  {farsinumerals}
>  {persian/Localnumeral}  =>  {farsinumerals}.
 [15] (./image_captioning_main.aux
LaTeX Info: Redefining \rmfamily on input line 9.
LaTeX Info: Redefining \sffamily on input line 9.
LaTeX Info: Redefining \ttfamily on input line 9.
LaTeX Info: Redefining \rmfamily on input line 42.
LaTeX Info: Redefining \sffamily on input line 42.
LaTeX Info: Redefining \ttfamily on input line 42.
LaTeX Info: Redefining \rmfamily on input line 49.
LaTeX Info: Redefining \sffamily on input line 49.
LaTeX Info: Redefining \ttfamily on input line 49.
LaTeX Info: Redefining \rmfamily on input line 58.
LaTeX Info: Redefining \sffamily on input line 58.
LaTeX Info: Redefining \ttfamily on input line 58.
LaTeX Info: Redefining \rmfamily on input line 65.
LaTeX Info: Redefining \sffamily on input line 65.
LaTeX Info: Redefining \ttfamily on input line 65.
LaTeX Info: Redefining \rmfamily on input line 74.
LaTeX Info: Redefining \sffamily on input line 74.
LaTeX Info: Redefining \ttfamily on input line 74.
LaTeX Info: Redefining \rmfamily on input line 81.
LaTeX Info: Redefining \sffamily on input line 81.
LaTeX Info: Redefining \ttfamily on input line 81.
LaTeX Info: Redefining \rmfamily on input line 90.
LaTeX Info: Redefining \sffamily on input line 90.
LaTeX Info: Redefining \ttfamily on input line 90.
LaTeX Info: Redefining \rmfamily on input line 97.
LaTeX Info: Redefining \sffamily on input line 97.
LaTeX Info: Redefining \ttfamily on input line 97.
LaTeX Info: Redefining \rmfamily on input line 106.
LaTeX Info: Redefining \sffamily on input line 106.
LaTeX Info: Redefining \ttfamily on input line 106.
LaTeX Info: Redefining \rmfamily on input line 113.
LaTeX Info: Redefining \sffamily on input line 113.
LaTeX Info: Redefining \ttfamily on input line 113.
LaTeX Info: Redefining \rmfamily on input line 126.
LaTeX Info: Redefining \sffamily on input line 126.
LaTeX Info: Redefining \ttfamily on input line 126.
LaTeX Info: Redefining \rmfamily on input line 134.
LaTeX Info: Redefining \sffamily on input line 134.
LaTeX Info: Redefining \ttfamily on input line 134.
LaTeX Info: Redefining \rmfamily on input line 142.
LaTeX Info: Redefining \sffamily on input line 142.
LaTeX Info: Redefining \ttfamily on input line 142.
LaTeX Info: Redefining \rmfamily on input line 150.
LaTeX Info: Redefining \sffamily on input line 150.
LaTeX Info: Redefining \ttfamily on input line 150.
LaTeX Info: Redefining \rmfamily on input line 158.
LaTeX Info: Redefining \sffamily on input line 158.
LaTeX Info: Redefining \ttfamily on input line 158.
LaTeX Info: Redefining \rmfamily on input line 166.
LaTeX Info: Redefining \sffamily on input line 166.
LaTeX Info: Redefining \ttfamily on input line 166.
LaTeX Info: Redefining \rmfamily on input line 174.
LaTeX Info: Redefining \sffamily on input line 174.
LaTeX Info: Redefining \ttfamily on input line 174.
LaTeX Info: Redefining \rmfamily on input line 182.
LaTeX Info: Redefining \sffamily on input line 182.
LaTeX Info: Redefining \ttfamily on input line 182.
LaTeX Info: Redefining \rmfamily on input line 190.
LaTeX Info: Redefining \sffamily on input line 190.
LaTeX Info: Redefining \ttfamily on input line 190.
LaTeX Info: Redefining \rmfamily on input line 198.
LaTeX Info: Redefining \sffamily on input line 198.
LaTeX Info: Redefining \ttfamily on input line 198.
LaTeX Info: Redefining \rmfamily on input line 206.
LaTeX Info: Redefining \sffamily on input line 206.
LaTeX Info: Redefining \ttfamily on input line 206.
LaTeX Info: Redefining \rmfamily on input line 213.
LaTeX Info: Redefining \sffamily on input line 213.
LaTeX Info: Redefining \ttfamily on input line 213.
LaTeX Info: Redefining \rmfamily on input line 224.
LaTeX Info: Redefining \sffamily on input line 224.
LaTeX Info: Redefining \ttfamily on input line 224.
LaTeX Info: Redefining \rmfamily on input line 232.
LaTeX Info: Redefining \sffamily on input line 232.
LaTeX Info: Redefining \ttfamily on input line 232.
LaTeX Info: Redefining \rmfamily on input line 240.
LaTeX Info: Redefining \sffamily on input line 240.
LaTeX Info: Redefining \ttfamily on input line 240.
LaTeX Info: Redefining \rmfamily on input line 248.
LaTeX Info: Redefining \sffamily on input line 248.
LaTeX Info: Redefining \ttfamily on input line 248.
LaTeX Info: Redefining \rmfamily on input line 256.
LaTeX Info: Redefining \sffamily on input line 256.
LaTeX Info: Redefining \ttfamily on input line 256.
LaTeX Info: Redefining \rmfamily on input line 264.
LaTeX Info: Redefining \sffamily on input line 264.
LaTeX Info: Redefining \ttfamily on input line 264.
LaTeX Info: Redefining \rmfamily on input line 272.
LaTeX Info: Redefining \sffamily on input line 272.
LaTeX Info: Redefining \ttfamily on input line 272.
LaTeX Info: Redefining \rmfamily on input line 280.
LaTeX Info: Redefining \sffamily on input line 280.
LaTeX Info: Redefining \ttfamily on input line 280.
LaTeX Info: Redefining \rmfamily on input line 288.
LaTeX Info: Redefining \sffamily on input line 288.
LaTeX Info: Redefining \ttfamily on input line 288.
LaTeX Info: Redefining \rmfamily on input line 296.
LaTeX Info: Redefining \sffamily on input line 296.
LaTeX Info: Redefining \ttfamily on input line 296.
LaTeX Info: Redefining \rmfamily on input line 304.
LaTeX Info: Redefining \sffamily on input line 304.
LaTeX Info: Redefining \ttfamily on input line 304.
LaTeX Info: Redefining \rmfamily on input line 312.
LaTeX Info: Redefining \sffamily on input line 312.
LaTeX Info: Redefining \ttfamily on input line 312.
LaTeX Info: Redefining \rmfamily on input line 320.
LaTeX Info: Redefining \sffamily on input line 320.
LaTeX Info: Redefining \ttfamily on input line 320.
LaTeX Info: Redefining \rmfamily on input line 328.
LaTeX Info: Redefining \sffamily on input line 328.
LaTeX Info: Redefining \ttfamily on input line 328.
LaTeX Info: Redefining \rmfamily on input line 336.
LaTeX Info: Redefining \sffamily on input line 336.
LaTeX Info: Redefining \ttfamily on input line 336.
LaTeX Info: Redefining \rmfamily on input line 344.
LaTeX Info: Redefining \sffamily on input line 344.
LaTeX Info: Redefining \ttfamily on input line 344.
LaTeX Info: Redefining \rmfamily on input line 352.
LaTeX Info: Redefining \sffamily on input line 352.
LaTeX Info: Redefining \ttfamily on input line 352.
LaTeX Info: Redefining \rmfamily on input line 360.
LaTeX Info: Redefining \sffamily on input line 360.
LaTeX Info: Redefining \ttfamily on input line 360.
LaTeX Info: Redefining \rmfamily on input line 368.
LaTeX Info: Redefining \sffamily on input line 368.
LaTeX Info: Redefining \ttfamily on input line 368.
LaTeX Info: Redefining \rmfamily on input line 376.
LaTeX Info: Redefining \sffamily on input line 376.
LaTeX Info: Redefining \ttfamily on input line 376.
LaTeX Info: Redefining \rmfamily on input line 386.
LaTeX Info: Redefining \sffamily on input line 386.
LaTeX Info: Redefining \ttfamily on input line 386.
LaTeX Info: Redefining \rmfamily on input line 394.
LaTeX Info: Redefining \sffamily on input line 394.
LaTeX Info: Redefining \ttfamily on input line 394.
LaTeX Info: Redefining \rmfamily on input line 410.
LaTeX Info: Redefining \sffamily on input line 410.
LaTeX Info: Redefining \ttfamily on input line 410.
LaTeX Info: Redefining \rmfamily on input line 418.
LaTeX Info: Redefining \sffamily on input line 418.
LaTeX Info: Redefining \ttfamily on input line 418.
) ) 
Here is how much of TeX's memory you used:
 7594 strings out of 478113
 185924 string characters out of 5852391
 638837 words of memory out of 5000000
 28050 multiletter control sequences out of 15000+600000
 476057 words of font info for 61 fonts, out of 8000000 for 9000
 36 hyphenation exceptions out of 8191
 89i,12n,101p,2708b,606s stack positions out of 5000i,500n,10000p,200000b,80000s

Output written on image_captioning_main.pdf (15 pages).
