This is XeTeX, Version 3.141592653-2.6-0.999993 (TeX Live 2022/dev/Debian) (preloaded format=xelatex 2023.7.14)  25 OCT 2023 14:32
entering extended mode
 restricted \write18 enabled.
 file:line:error style messages enabled.
 %&-line parsing enabled.
**"/media/shima/78F218F6F218B9F8/Private/image_captioning/paper_text/IEEE transaction on Image Processing/file.tex"
(/media/shima/78F218F6F218B9F8/Private/image_captioning/paper_text/IEEE transaction on Image Processing/file.tex
LaTeX2e <2021-11-15> patch level 1
L3 programming layer <2022-01-21>

! LaTeX Error: File `IEEEtran.cls' not found.

Type X to quit or <RETURN> to proceed,
or enter new name. (Default extension: cls)

Enter file name: 
/media/shima/78F218F6F218B9F8/Private/image_captioning/paper_text/IEEE transaction on Image Processing/file.tex:2: Emergency stop.
<read *> 
         
l.2 \usepackage
               {amsmath,amsfonts}^^M
*** (cannot \read from terminal in nonstop modes)

 
Here is how much of TeX's memory you used:
 22 strings out of 478113
 680 string characters out of 5852391
 290260 words of memory out of 5000000
 20750 multiletter control sequences out of 15000+600000
 469259 words of font info for 28 fonts, out of 8000000 for 9000
 36 hyphenation exceptions out of 8191
 19i,0n,29p,189b,17s stack positions out of 5000i,500n,10000p,200000b,80000s
No pages of output.
