This is XeTeX, Version 3.141592653-2.6-0.999993 (TeX Live 2022/dev/Debian) (preloaded format=xelatex 2023.10.27)  27 OCT 2023 15:56
entering extended mode
 restricted \write18 enabled.
 file:line:error style messages enabled.
 %&-line parsing enabled.
**"/media/shima/78F218F6F218B9F8/Private/image_captioning/paper_text/IEEE transaction on Image Processing/New_IEEEtran_how-to.tex"
(/media/shima/78F218F6F218B9F8/Private/image_captioning/paper_text/IEEE transaction on Image Processing/New_IEEEtran_how-to.tex
LaTeX2e <2021-11-15> patch level 1
L3 programming layer <2022-01-21> (./IEEEtran.cls
Document Class: IEEEtran 2015/08/26 V1.8b by Michael Shell
-- See the "IEEEtran_HOWTO" manual for usage information.
-- http://www.michaelshell.org/tex/ieeetran/
\@IEEEtrantmpdimenA=\dimen138
\@IEEEtrantmpdimenB=\dimen139
\@IEEEtrantmpdimenC=\dimen140
\@IEEEtrantmpcountA=\count181
\@IEEEtrantmpcountB=\count182
\@IEEEtrantmpcountC=\count183
\@IEEEtrantmptoksA=\toks16
LaTeX Font Info:    Trying to load font information for TU+ptm on input line 503.
LaTeX Font Info:    No file TUptm.fd. on input line 503.

LaTeX Font Warning: Font shape `TU/ptm/m/n' undefined
(Font)              using `TU/lmr/m/n' instead on input line 503.

-- Using 8.5in x 11in (letter) paper.
-- Using DVI output.
\@IEEEnormalsizeunitybaselineskip=\dimen141
-- This is a 10 point document.
\CLASSINFOnormalsizebaselineskip=\dimen142
\CLASSINFOnormalsizeunitybaselineskip=\dimen143
\IEEEnormaljot=\dimen144

LaTeX Font Warning: Font shape `TU/ptm/bx/n' undefined
(Font)              using `TU/ptm/m/n' instead on input line 1090.


LaTeX Font Warning: Font shape `TU/ptm/m/it' undefined
(Font)              using `TU/ptm/m/n' instead on input line 1090.


LaTeX Font Warning: Font shape `TU/ptm/bx/it' undefined
(Font)              using `TU/ptm/bx/n' instead on input line 1090.

\IEEEquantizedlength=\dimen145
\IEEEquantizedlengthdiff=\dimen146
\IEEEquantizedtextheightdiff=\dimen147
\IEEEilabelindentA=\dimen148
\IEEEilabelindentB=\dimen149
\IEEEilabelindent=\dimen150
\IEEEelabelindent=\dimen151
\IEEEdlabelindent=\dimen152
\IEEElabelindent=\dimen153
\IEEEiednormlabelsep=\dimen154
\IEEEiedmathlabelsep=\dimen155
\IEEEiedtopsep=\skip47
\c@section=\count184
\c@subsection=\count185
\c@subsubsection=\count186
\c@paragraph=\count187
\c@IEEEsubequation=\count188
\abovecaptionskip=\skip48
\belowcaptionskip=\skip49
\c@figure=\count189
\c@table=\count190
\@IEEEeqnnumcols=\count191
\@IEEEeqncolcnt=\count192
\@IEEEsubeqnnumrollback=\count193
\@IEEEquantizeheightA=\dimen156
\@IEEEquantizeheightB=\dimen157
\@IEEEquantizeheightC=\dimen158
\@IEEEquantizeprevdepth=\dimen159
\@IEEEquantizemultiple=\count194
\@IEEEquantizeboxA=\box50
\@IEEEtmpitemindent=\dimen160
\IEEEPARstartletwidth=\dimen161
\c@IEEEbiography=\count195
\@IEEEtranrubishbin=\box51
) (/usr/share/texlive/texmf-dist/tex/latex/amsmath/amsmath.sty
Package: amsmath 2021/10/15 v2.17l AMS math features
\@mathmargin=\skip50

For additional information on amsmath, use the `?' option.
(/usr/share/texlive/texmf-dist/tex/latex/amsmath/amstext.sty
Package: amstext 2021/08/26 v2.01 AMS text
 (/usr/share/texlive/texmf-dist/tex/latex/amsmath/amsgen.sty
File: amsgen.sty 1999/11/30 v2.0 generic functions
\@emptytoks=\toks17
\ex@=\dimen162
)) (/usr/share/texlive/texmf-dist/tex/latex/amsmath/amsbsy.sty
Package: amsbsy 1999/11/29 v1.2d Bold Symbols
\pmbraise@=\dimen163
) (/usr/share/texlive/texmf-dist/tex/latex/amsmath/amsopn.sty
Package: amsopn 2021/08/26 v2.02 operator names
)
\inf@bad=\count196
LaTeX Info: Redefining \frac on input line 234.
\uproot@=\count197
\leftroot@=\count198
LaTeX Info: Redefining \overline on input line 399.
\classnum@=\count199
\DOTSCASE@=\count266
LaTeX Info: Redefining \ldots on input line 496.
LaTeX Info: Redefining \dots on input line 499.
LaTeX Info: Redefining \cdots on input line 620.
\Mathstrutbox@=\box52
\strutbox@=\box53
\big@size=\dimen164
LaTeX Font Info:    Redeclaring font encoding OML on input line 743.
LaTeX Font Info:    Redeclaring font encoding OMS on input line 744.
\macc@depth=\count267
\c@MaxMatrixCols=\count268
\dotsspace@=\muskip16
\c@parentequation=\count269
\dspbrk@lvl=\count270
\tag@help=\toks18
\row@=\count271
\column@=\count272
\maxfields@=\count273
\andhelp@=\toks19
\eqnshift@=\dimen165
\alignsep@=\dimen166
\tagshift@=\dimen167
\tagwidth@=\dimen168
\totwidth@=\dimen169
\lineht@=\dimen170
\@envbody=\toks20
\multlinegap=\skip51
\multlinetaggap=\skip52
\mathdisplay@stack=\toks21
LaTeX Info: Redefining \[ on input line 2938.
LaTeX Info: Redefining \] on input line 2939.
) (/usr/share/texlive/texmf-dist/tex/latex/amsfonts/amsfonts.sty
Package: amsfonts 2013/01/14 v3.01 Basic AMSFonts support
\symAMSa=\mathgroup4
\symAMSb=\mathgroup5
LaTeX Font Info:    Redeclaring math symbol \hbar on input line 98.
LaTeX Font Info:    Overwriting math alphabet `\mathfrak' in version `bold'
(Font)                  U/euf/m/n --> U/euf/b/n on input line 106.
) (/usr/share/texlive/texmf-dist/tex/latex/algorithms/algorithmic.sty
Invalid UTF-8 byte or sequence at line 11 replaced by U+FFFD.
Package: algorithmic 2009/08/24 v0.1 Document Style `algorithmic'
 (/usr/share/texlive/texmf-dist/tex/latex/base/ifthen.sty
Package: ifthen 2020/11/24 v1.1c Standard LaTeX ifthen package (DPC)
) (/usr/share/texlive/texmf-dist/tex/latex/graphics/keyval.sty
Package: keyval 2014/10/28 v1.15 key=value parser (DPC)
\KV@toks@=\toks22
)
\c@ALC@unique=\count274
\c@ALC@line=\count275
\c@ALC@rem=\count276
\c@ALC@depth=\count277
\ALC@tlm=\skip53
\algorithmicindent=\skip54
) (/usr/share/texlive/texmf-dist/tex/latex/tools/array.sty
Package: array 2021/10/04 v2.5f Tabular extension package (FMi)
\col@sep=\dimen171
\ar@mcellbox=\box54
\extrarowheight=\dimen172
\NC@list=\toks23
\extratabsurround=\skip55
\backup@length=\skip56
\ar@cellbox=\box55
) (/usr/share/texlive/texmf-dist/tex/latex/subfig/subfig.sty
Package: subfig 2005/06/28 ver: 1.3 subfig package
 (/usr/share/texlive/texmf-dist/tex/latex/caption/caption3.sty
Package: caption3 2020/10/21 v2.2e caption3 kernel (AR)
\captionmargin=\dimen173
\captionmargin@=\dimen174
\captionwidth=\dimen175
\caption@tempdima=\dimen176
\caption@indent=\dimen177
\caption@parindent=\dimen178
\caption@hangindent=\dimen179
Package caption Info: Unknown document class (or package),
(caption)             standard defaults will be used.
Package caption Info: \@makecaption = \long macro:#1#2->\ifx \@captype \@IEEEtablestring \footnotesize \bgroup \par \centering \@IEEEtabletopskipstrut {\normalfont \footnotesize #1}\\{\normalfont \footnotesize \scshape #2}\par \addvspace {0.5\baselineskip }\egroup \@IEEEtablecaptionsepspace \else \@IEEEfigurecaptionsepspace \setbox \@tempboxa \hbox {\normalfont \footnotesize {#1.}\nobreakspace \nobreakspace #2}\ifdim \wd \@tempboxa >\hsize \setbox \@tempboxa \hbox {\normalfont \footnotesize {#1.}\nobreakspace \nobreakspace }\parbox [t]{\hsize }{\normalfont \footnotesize \noindent \unhbox \@tempboxa #2}\else \ifCLASSOPTIONconference \hbox to\hsize {\normalfont \footnotesize \hfil \box \@tempboxa \hfil }\else \hbox to\hsize {\normalfont \footnotesize \box \@tempboxa \hfil }\fi \fi \fi  on input line 1139.
)
\c@KVtest=\count278
\sf@farskip=\skip57
\sf@captopadj=\dimen180
\sf@capskip=\skip58
\sf@nearskip=\skip59
\c@subfigure=\count279
\c@subfigure@save=\count280
\c@lofdepth=\count281
\c@subtable=\count282
\c@subtable@save=\count283
\c@lotdepth=\count284
\sf@top=\skip60
\sf@bottom=\skip61
) (/usr/share/texlive/texmf-dist/tex/latex/base/textcomp.sty
Package: textcomp 2020/02/02 v2.0n Standard LaTeX package
) (/usr/share/texlive/texmf-dist/tex/latex/sttools/stfloats.sty
Package: stfloats 2017/03/27 v3.3 Improve float mechanism and baselineskip settings
\@dblbotnum=\count285
\c@dblbotnumber=\count286
) (/usr/share/texlive/texmf-dist/tex/latex/url/url.sty
\Urlmuskip=\muskip17
Package: url 2013/09/16  ver 3.4  Verb mode for urls, etc.
) (/usr/share/texlive/texmf-dist/tex/latex/tools/verbatim.sty
Package: verbatim 2020-07-07 v1.5u LaTeX2e package for verbatim enhancements
\every@verbatim=\toks24
\verbatim@line=\toks25
\verbatim@in@stream=\read2
) (/usr/share/texlive/texmf-dist/tex/latex/graphics/graphicx.sty
Package: graphicx 2021/09/16 v1.2d Enhanced LaTeX Graphics (DPC,SPQR)
 (/usr/share/texlive/texmf-dist/tex/latex/graphics/graphics.sty
Package: graphics 2021/03/04 v1.4d Standard LaTeX Graphics (DPC,SPQR)
 (/usr/share/texlive/texmf-dist/tex/latex/graphics/trig.sty
Package: trig 2021/08/11 v1.11 sin cos tan (DPC)
) (/usr/share/texlive/texmf-dist/tex/latex/graphics-cfg/graphics.cfg
File: graphics.cfg 2016/06/04 v1.11 sample graphics configuration
)
Package graphics Info: Driver file: xetex.def on input line 107.
 (/usr/share/texlive/texmf-dist/tex/latex/graphics-def/xetex.def
File: xetex.def 2021/03/18 v5.0k Graphics/color driver for xetex
))
\Gin@req@height=\dimen181
\Gin@req@width=\dimen182
) (/usr/share/texlive/texmf-dist/tex/latex/preprint/balance.sty
Package: balance 1999/02/23 4.3 (PWD)
\oldvsize=\dimen183
) (/usr/share/texlive/texmf-dist/tex/latex/l3backend/l3backend-xetex.def
File: l3backend-xetex.def 2022-01-12 L3 backend support: XeTeX
 (|extractbb --version)
\c__kernel_sys_dvipdfmx_version_int=\count287
\l__color_backend_stack_int=\count288
\g__color_backend_stack_int=\count289
\g__graphics_track_int=\count290
\l__pdf_internal_box=\box56
\g__pdf_backend_object_int=\count291
\g__pdf_backend_annotation_int=\count292
\g__pdf_backend_link_int=\count293
)

LaTeX Warning: Unused global option(s):
    [lettersize].

(./New_IEEEtran_how-to.aux)
\openout1 = `New_IEEEtran_how-to.aux'.

LaTeX Font Info:    Checking defaults for OML/cmm/m/it on input line 15.
LaTeX Font Info:    ... okay on input line 15.
LaTeX Font Info:    Checking defaults for OMS/cmsy/m/n on input line 15.
LaTeX Font Info:    ... okay on input line 15.
LaTeX Font Info:    Checking defaults for OT1/cmr/m/n on input line 15.
LaTeX Font Info:    ... okay on input line 15.
LaTeX Font Info:    Checking defaults for T1/cmr/m/n on input line 15.
LaTeX Font Info:    ... okay on input line 15.
LaTeX Font Info:    Checking defaults for TS1/cmr/m/n on input line 15.
LaTeX Font Info:    Trying to load font information for TS1+cmr on input line 15.
 (/usr/share/texlive/texmf-dist/tex/latex/base/ts1cmr.fd
File: ts1cmr.fd 2019/12/16 v2.5j Standard LaTeX font definitions
)
LaTeX Font Info:    ... okay on input line 15.
LaTeX Font Info:    Checking defaults for TU/lmr/m/n on input line 15.
LaTeX Font Info:    ... okay on input line 15.
LaTeX Font Info:    Checking defaults for OMX/cmex/m/n on input line 15.
LaTeX Font Info:    ... okay on input line 15.
LaTeX Font Info:    Checking defaults for U/cmr/m/n on input line 15.
LaTeX Font Info:    ... okay on input line 15.


LaTeX Font Warning: Font shape `TU/ptm/b/n' undefined
(Font)              using `TU/ptm/bx/n' instead on input line 15.


LaTeX Font Warning: Font shape `TU/ptm/b/it' undefined
(Font)              using `TU/ptm/bx/it' instead on input line 15.


LaTeX Font Warning: Font shape `TU/ptm/b/n' undefined
(Font)              using `TU/ptm/bx/n' instead on input line 15.


LaTeX Font Warning: Font shape `TU/ptm/b/it' undefined
(Font)              using `TU/ptm/bx/it' instead on input line 15.


LaTeX Font Warning: Font shape `TU/ptm/b/n' undefined
(Font)              using `TU/ptm/bx/n' instead on input line 15.


LaTeX Font Warning: Font shape `TU/ptm/b/it' undefined
(Font)              using `TU/ptm/bx/it' instead on input line 15.


LaTeX Font Warning: Font shape `TU/ptm/b/n' undefined
(Font)              using `TU/ptm/bx/n' instead on input line 15.


LaTeX Font Warning: Font shape `TU/ptm/b/it' undefined
(Font)              using `TU/ptm/bx/it' instead on input line 15.


LaTeX Font Warning: Font shape `TU/ptm/b/n' undefined
(Font)              using `TU/ptm/bx/n' instead on input line 15.


LaTeX Font Warning: Font shape `TU/ptm/b/it' undefined
(Font)              using `TU/ptm/bx/it' instead on input line 15.


LaTeX Font Warning: Font shape `TU/ptm/b/n' undefined
(Font)              using `TU/ptm/bx/n' instead on input line 15.


LaTeX Font Warning: Font shape `TU/ptm/b/it' undefined
(Font)              using `TU/ptm/bx/it' instead on input line 15.


LaTeX Font Warning: Font shape `TU/ptm/b/n' undefined
(Font)              using `TU/ptm/bx/n' instead on input line 15.


LaTeX Font Warning: Font shape `TU/ptm/b/it' undefined
(Font)              using `TU/ptm/bx/it' instead on input line 15.


LaTeX Font Warning: Font shape `TU/ptm/b/n' undefined
(Font)              using `TU/ptm/bx/n' instead on input line 15.


LaTeX Font Warning: Font shape `TU/ptm/b/it' undefined
(Font)              using `TU/ptm/bx/it' instead on input line 15.


LaTeX Font Warning: Font shape `TU/ptm/b/n' undefined
(Font)              using `TU/ptm/bx/n' instead on input line 15.


LaTeX Font Warning: Font shape `TU/ptm/b/it' undefined
(Font)              using `TU/ptm/bx/it' instead on input line 15.


LaTeX Font Warning: Font shape `TU/ptm/b/n' undefined
(Font)              using `TU/ptm/bx/n' instead on input line 15.


LaTeX Font Warning: Font shape `TU/ptm/b/it' undefined
(Font)              using `TU/ptm/bx/it' instead on input line 15.

-- Lines per column: 58 (exact).
Package caption Info: Begin \AtBeginDocument code.
Package caption Info: subfig package v1.3 is loaded.
Package caption Info: End \AtBeginDocument code.

LaTeX Font Warning: Font shape `TU/ptm/b/n' undefined
(Font)              using `TU/ptm/bx/n' instead on input line 26.

LaTeX Font Info:    Trying to load font information for U+msa on input line 27.
(/usr/share/texlive/texmf-dist/tex/latex/amsfonts/umsa.fd
File: umsa.fd 2013/01/14 v3.01 AMS symbols A
)
LaTeX Font Info:    Trying to load font information for U+msb on input line 27.
 (/usr/share/texlive/texmf-dist/tex/latex/amsfonts/umsb.fd
File: umsb.fd 2013/01/14 v3.01 AMS symbols B
)

LaTeX Font Warning: Font shape `TU/ptm/b/n' undefined
(Font)              using `TU/ptm/bx/n' instead on input line 30.


LaTeX Font Warning: Font shape `TU/ptm/m/sc' undefined
(Font)              using `TU/ptm/m/n' instead on input line 35.


LaTeX Font Warning: Font shape `TU/ptm/b/n' undefined
(Font)              using `TU/ptm/bx/n' instead on input line 36.


LaTeX Font Warning: Font shape `TU/ptm/b/n' undefined
(Font)              using `TU/ptm/bx/n' instead on input line 53.


LaTeX Font Warning: Font shape `TU/ptm/b/n' undefined
(Font)              using `TU/ptm/bx/n' instead on input line 53.


Underfull \hbox (badness 2181) in paragraph at lines 56--57
\TU/ptm/m/sc/10 IEEE recommends using the distribution from the
 []


LaTeX Font Warning: Font shape `TU/ptm/b/n' undefined
(Font)              using `TU/ptm/bx/n' instead on input line 59.

LaTeX Font Info:    Trying to load font information for TU+pcr on input line 73.
LaTeX Font Info:    No file TUpcr.fd. on input line 73.

LaTeX Font Warning: Font shape `TU/pcr/m/n' undefined
(Font)              using `TU/lmr/m/n' instead on input line 73.


Underfull \hbox (badness 10000) in paragraph at lines 73--74

 []


Underfull \hbox (badness 10000) in paragraph at lines 75--76

 []


Underfull \hbox (badness 10000) in paragraph at lines 77--78

 []


Underfull \hbox (badness 10000) in paragraph at lines 79--80

 []


Underfull \hbox (badness 10000) in paragraph at lines 81--82

 []

[1


]
Underfull \hbox (badness 4168) in paragraph at lines 112--114
\TU/pcr/m/n/10 identify IEEE membership status. Please see the
 []


Underfull \hbox (badness 1874) in paragraph at lines 145--146
\TU/pcr/m/n/10 The following sections describe common body text
 []


Underfull \hbox (badness 10000) in paragraph at lines 170--171

 []

[2]
File: fig1.png Graphic file (type bmp)
<fig1.png>

Underfull \hbox (badness 2573) in paragraph at lines 266--267
\TU/pcr/m/n/10 simple unnumbered, numbered and bulleted. There
 []


Underfull \hbox (badness 10000) in paragraph at lines 266--267

 []


LaTeX Font Warning: Font shape `TU/ptm/b/n' undefined
(Font)              using `TU/ptm/bx/n' instead on input line 268.


LaTeX Font Warning: Font shape `TU/ptm/b/n' undefined
(Font)              using `TU/ptm/bx/n' instead on input line 288.

[3]

LaTeX Font Warning: Font shape `TU/ptm/b/n' undefined
(Font)              using `TU/ptm/bx/n' instead on input line 308.


Underfull \hbox (badness 4967) in paragraph at lines 336--337
\TU/pcr/m/n/10 elements such as Acknowledgments, Bibliographies,
 []


LaTeX Font Warning: Font shape `TU/ptm/b/n' undefined
(Font)              using `TU/ptm/bx/n' instead on input line 348.


Underfull \hbox (badness 2600) in paragraph at lines 348--349
\TU/pcr/m/n/10 References Simplified: A simple way of composing
 []


Underfull \hbox (badness 10000) in paragraph at lines 348--349

 []


Underfull \hbox (badness 2302) in paragraph at lines 362--363
\TU/pcr/m/n/10 [7] A. Levant.“Exact differentiation of signals with
 []


Underfull \hbox (badness 7362) in paragraph at lines 387--388
\TU/pcr/m/n/10 [9] R. Ortega, A. Astolfi, G. Bastin, and H.
 []


LaTeX Font Warning: Font shape `TU/ptm/b/n' undefined
(Font)              using `TU/ptm/bx/n' instead on input line 401.

[4]

LaTeX Font Warning: Font shape `TU/ptm/b/n' undefined
(Font)              using `TU/ptm/bx/n' instead on input line 437.


Underfull \hbox (badness 10000) in paragraph at lines 448--449
[]\TU/pcr/m/n/10 AMS-StyleGuide-online.pdf, published by the
 []


Underfull \hbox (badness 10000) in paragraph at lines 451--452
[][][][][][][][][][][][][][][][] [] [][][][] [] [][][] [] [][][][][][][][][][][] [] [][][][][][][] [] [][][][][] [] [] []
 []


LaTeX Font Warning: Font shape `TU/ptm/b/n' undefined
(Font)              using `TU/ptm/bx/n' instead on input line 475.


Underfull \hbox (badness 10000) in paragraph at lines 475--477

 []


LaTeX Font Warning: Font shape `TU/ptm/b/n' undefined
(Font)              using `TU/ptm/bx/n' instead on input line 478.


Underfull \hbox (badness 2103) in paragraph at lines 478--480
\TU/pcr/m/n/10 numbered equations is best in the Appendix, but
 []


Underfull \hbox (badness 10000) in paragraph at lines 478--480

 []


LaTeX Font Warning: Font shape `TU/ptm/b/n' undefined
(Font)              using `TU/ptm/bx/n' instead on input line 481.


LaTeX Font Warning: Font shape `TU/ptm/b/n' undefined
(Font)              using `TU/ptm/bx/n' instead on input line 487.


LaTeX Font Warning: Font shape `TU/ptm/b/n' undefined
(Font)              using `TU/ptm/bx/n' instead on input line 503.

[5]
Underfull \hbox (badness 10000) in paragraph at lines 534--535
\TU/pcr/m/n/10 The amsmath package provides a subequations
 []


LaTeX Font Warning: Font shape `TU/ptm/b/n' undefined
(Font)              using `TU/ptm/bx/n' instead on input line 559.


LaTeX Font Warning: Font shape `TU/ptm/b/n' undefined
(Font)              using `TU/ptm/bx/n' instead on input line 572.


LaTeX Font Warning: Font shape `TU/ptm/b/n' undefined
(Font)              using `TU/ptm/bx/n' instead on input line 585.


LaTeX Font Warning: Font shape `TU/ptm/b/n' undefined
(Font)              using `TU/ptm/bx/n' instead on input line 598.


LaTeX Font Warning: Font shape `TU/ptm/b/n' undefined
(Font)              using `TU/ptm/bx/n' instead on input line 610.


LaTeX Font Warning: Font shape `TU/ptm/b/n' undefined
(Font)              using `TU/ptm/bx/n' instead on input line 622.

[6]
Underfull \hbox (badness 1609) in paragraph at lines 696--697
\TU/pcr/m/n/10 Many times we find cases coded using the wrong
 []


Underfull \hbox (badness 10000) in paragraph at lines 748--749

 []


LaTeX Font Warning: Font shape `TU/ptm/b/n' undefined
(Font)              using `TU/ptm/bx/n' instead on input line 750.


Underfull \hbox (badness 10000) in paragraph at lines 753--754

 []


LaTeX Font Warning: Font shape `TU/ptm/b/n' undefined
(Font)              using `TU/ptm/bx/n' instead on input line 755.


Underfull \hbox (badness 2435) in paragraph at lines 755--756
[]\TU/pcr/m/n/10 For multiline unnumbered display equations that
 []


LaTeX Font Warning: Font shape `TU/ptm/b/n' undefined
(Font)              using `TU/ptm/bx/n' instead on input line 760.


LaTeX Font Warning: Font shape `TU/ptm/b/n' undefined
(Font)              using `TU/ptm/bx/n' instead on input line 765.

[7]
Underfull \hbox (badness 1776) in paragraph at lines 824--825
[]\TU/pcr/m/n/10 Make sure that your equations are numbered
 []


Underfull \hbox (badness 2119) in paragraph at lines 825--826
[]\TU/pcr/m/n/10 Are your equations properly formatted? Text,
 []


LaTeX Font Warning: Font shape `TU/ptm/b/n' undefined
(Font)              using `TU/ptm/bx/n' instead on input line 858.

File: fig1.png Graphic file (type bmp)
<fig1.png>
File: fig1.png Graphic file (type bmp)
<fig1.png>

LaTeX Font Warning: Font shape `TU/ptm/b/n' undefined
(Font)              using `TU/ptm/bx/n' instead on input line 862.


Underfull \hbox (badness 1540) in paragraph at lines 862--863
\TU/ptm/m/sc/8 professional background and research and
 []

[8] (./New_IEEEtran_how-to.aux)

LaTeX Font Warning: Some font shapes were not available, defaults substituted.

 ) 
Here is how much of TeX's memory you used:
 4058 strings out of 478085
 73537 string characters out of 5851110
 397998 words of memory out of 5000000
 24641 multiletter control sequences out of 15000+600000
 475707 words of font info for 67 fonts, out of 8000000 for 9000
 40 hyphenation exceptions out of 8191
 55i,12n,63p,907b,348s stack positions out of 5000i,500n,10000p,200000b,80000s

Output written on New_IEEEtran_how-to.pdf (8 pages).
